4298 [restartedMain] INFO  c.j.t.TaxicompanyApplication – Starting TaxicompanyApplication using Java 17.0.6 with PID 2288 (C:\Users\Asus ROG G-L552\IdeaProjects\taxicompany\target\classes started by Andrei in C:\Users\Asus ROG G-L552\IdeaProjects\taxicompany)
4306 [restartedMain] INFO  c.j.t.TaxicompanyApplication – No active profile set, falling back to 1 default profile: "default"
4619 [restartedMain] INFO  o.s.b.d.e.DevToolsPropertyDefaultsPostProcessor – Devtools property defaults active! Set 'spring.devtools.add-properties' to 'false' to disable
4619 [restartedMain] INFO  o.s.b.d.e.DevToolsPropertyDefaultsPostProcessor – For additional web related logging consider setting the 'logging.level.web' property to 'DEBUG'
12474 [restartedMain] INFO  o.s.d.r.c.RepositoryConfigurationDelegate – Bootstrapping Spring Data JPA repositories in DEFAULT mode.
13277 [restartedMain] INFO  o.s.d.r.c.RepositoryConfigurationDelegate – Finished Spring Data repository scanning in 717 ms. Found 3 JPA repository interfaces.
23738 [restartedMain] INFO  o.s.b.w.e.tomcat.TomcatWebServer – Tomcat initialized with port(s): 8080 (http)
23909 [restartedMain] INFO  o.a.coyote.http11.Http11NioProtocol – Initializing ProtocolHandler ["http-nio-8080"]
23915 [restartedMain] INFO  o.a.catalina.core.StandardService – Starting service [Tomcat]
23918 [restartedMain] INFO  o.a.catalina.core.StandardEngine – Starting Servlet engine: [Apache Tomcat/10.1.8]
24532 [restartedMain] INFO  o.a.c.c.C.[Tomcat].[localhost].[/] – Initializing Spring embedded WebApplicationContext
24533 [restartedMain] INFO  o.s.b.w.s.c.ServletWebServerApplicationContext – Root WebApplicationContext: initialization completed in 19912 ms
27235 [restartedMain] INFO  o.h.jpa.internal.util.LogHelper – HHH000204: Processing PersistenceUnitInfo [name: default]
27468 [restartedMain] INFO  org.hibernate.Version – HHH000412: Hibernate ORM core version 6.1.7.Final
28126 [restartedMain] INFO  com.zaxxer.hikari.HikariDataSource – HikariPool-1 - Starting...
28622 [restartedMain] INFO  com.zaxxer.hikari.pool.HikariPool – HikariPool-1 - Added connection org.postgresql.jdbc.PgConnection@37a85c7f
28625 [restartedMain] INFO  com.zaxxer.hikari.HikariDataSource – HikariPool-1 - Start completed.
28771 [restartedMain] INFO  SQL dialect – HHH000400: Using dialect: org.hibernate.dialect.PostgreSQLDialect
30598 [restartedMain] INFO  o.hibernate.orm.connections.access – HHH10001501: Connection obtained from JdbcConnectionAccess [org.hibernate.engine.jdbc.env.internal.JdbcEnvironmentInitiator$ConnectionProviderJdbcConnectionAccess@76ee447c] for (non-JTA) DDL execution was not in auto-commit mode; the Connection 'local transaction' will be committed and the Connection will be set into auto-commit mode.
30782 [restartedMain] INFO  o.h.e.t.j.p.i.JtaPlatformInitiator – HHH000490: Using JtaPlatform implementation: [org.hibernate.engine.transaction.jta.platform.internal.NoJtaPlatform]
30800 [restartedMain] INFO  o.s.o.j.LocalContainerEntityManagerFactoryBean – Initialized JPA EntityManagerFactory for persistence unit 'default'
31519 [restartedMain] WARN  o.s.b.a.o.j.JpaBaseConfiguration$JpaWebConfiguration – spring.jpa.open-in-view is enabled by default. Therefore, database queries may be performed during view rendering. Explicitly configure spring.jpa.open-in-view to disable this warning
31965 [restartedMain] INFO  o.s.s.w.DefaultSecurityFilterChain – Will secure any request with [org.springframework.security.web.session.DisableEncodeUrlFilter@89584b8, org.springframework.security.web.context.request.async.WebAsyncManagerIntegrationFilter@26c35627, org.springframework.security.web.context.SecurityContextHolderFilter@29491165, org.springframework.security.web.header.HeaderWriterFilter@65fbc06f, org.springframework.security.web.csrf.CsrfFilter@20b2926c, org.springframework.security.web.authentication.logout.LogoutFilter@10c85be7, org.springframework.security.web.authentication.UsernamePasswordAuthenticationFilter@17adaba0, org.springframework.security.web.savedrequest.RequestCacheAwareFilter@2188ff17, org.springframework.security.web.servletapi.SecurityContextHolderAwareRequestFilter@572cb80f, org.springframework.security.web.authentication.AnonymousAuthenticationFilter@757653e6, org.springframework.security.web.access.ExceptionTranslationFilter@29a6e17a, org.springframework.security.web.access.intercept.AuthorizationFilter@4bea41e5]
32314 [restartedMain] INFO  o.s.b.d.a.OptionalLiveReloadServer – LiveReload server is running on port 35729
32332 [restartedMain] INFO  o.a.coyote.http11.Http11NioProtocol – Starting ProtocolHandler ["http-nio-8080"]
32370 [restartedMain] INFO  o.s.b.w.e.tomcat.TomcatWebServer – Tomcat started on port(s): 8080 (http) with context path ''
32396 [restartedMain] INFO  c.j.t.TaxicompanyApplication – Started TaxicompanyApplication in 30.169 seconds (process running for 33.419)
82162 [http-nio-8080-exec-1] INFO  o.a.c.c.C.[Tomcat].[localhost].[/] – Initializing Spring DispatcherServlet 'dispatcherServlet'
82163 [http-nio-8080-exec-1] INFO  o.s.web.servlet.DispatcherServlet – Initializing Servlet 'dispatcherServlet'
82165 [http-nio-8080-exec-1] INFO  o.s.web.servlet.DispatcherServlet – Completed initialization in 2 ms
82909 [http-nio-8080-exec-1] WARN  o.t.s.p.StandardIncludeTagProcessor – [THYMELEAF][http-nio-8080-exec-1][home] Deprecated attribute {th:include,data-th-include} found in template home, line 15, col 9. Please use {th:insert,data-th-insert} instead, this deprecated attribute will be removed in future versions of Thymeleaf.
82911 [http-nio-8080-exec-1] WARN  o.t.s.p.AbstractStandardFragmentInsertionTagProcessor – [THYMELEAF][http-nio-8080-exec-1][home] Deprecated unwrapped fragment expression "header :: header" found in template home, line 15, col 9. Please use the complete syntax of fragment expressions instead ("~{header :: header}"). The old, unwrapped syntax for fragment expressions will be removed in future versions of Thymeleaf.
83507 [http-nio-8080-exec-1] WARN  o.t.s.p.StandardIncludeTagProcessor – [THYMELEAF][http-nio-8080-exec-1][home] Deprecated attribute {th:include,data-th-include} found in template home, line 75, col 9. Please use {th:insert,data-th-insert} instead, this deprecated attribute will be removed in future versions of Thymeleaf.
83507 [http-nio-8080-exec-1] WARN  o.t.s.p.AbstractStandardFragmentInsertionTagProcessor – [THYMELEAF][http-nio-8080-exec-1][home] Deprecated unwrapped fragment expression "footer :: footer" found in template home, line 75, col 9. Please use the complete syntax of fragment expressions instead ("~{footer :: footer}"). The old, unwrapped syntax for fragment expressions will be removed in future versions of Thymeleaf.
99555 [http-nio-8080-exec-7] WARN  o.t.s.p.StandardIncludeTagProcessor – [THYMELEAF][http-nio-8080-exec-7][cars] Deprecated attribute {th:include,data-th-include} found in template cars, line 11, col 11. Please use {th:insert,data-th-insert} instead, this deprecated attribute will be removed in future versions of Thymeleaf.
99556 [http-nio-8080-exec-7] WARN  o.t.s.p.AbstractStandardFragmentInsertionTagProcessor – [THYMELEAF][http-nio-8080-exec-7][cars] Deprecated unwrapped fragment expression "header :: header" found in template cars, line 11, col 11. Please use the complete syntax of fragment expressions instead ("~{header :: header}"). The old, unwrapped syntax for fragment expressions will be removed in future versions of Thymeleaf.
101395 [http-nio-8080-exec-7] WARN  o.t.s.p.StandardIncludeTagProcessor – [THYMELEAF][http-nio-8080-exec-7][cars] Deprecated attribute {th:include,data-th-include} found in template cars, line 85, col 11. Please use {th:insert,data-th-insert} instead, this deprecated attribute will be removed in future versions of Thymeleaf.
101395 [http-nio-8080-exec-7] WARN  o.t.s.p.AbstractStandardFragmentInsertionTagProcessor – [THYMELEAF][http-nio-8080-exec-7][cars] Deprecated unwrapped fragment expression "footer :: footer" found in template cars, line 85, col 11. Please use the complete syntax of fragment expressions instead ("~{footer :: footer}"). The old, unwrapped syntax for fragment expressions will be removed in future versions of Thymeleaf.
148117 [http-nio-8080-exec-4] WARN  o.t.s.p.StandardIncludeTagProcessor – [THYMELEAF][http-nio-8080-exec-4][cars] Deprecated attribute {th:include,data-th-include} found in template cars, line 11, col 11. Please use {th:insert,data-th-insert} instead, this deprecated attribute will be removed in future versions of Thymeleaf.
148117 [http-nio-8080-exec-4] WARN  o.t.s.p.AbstractStandardFragmentInsertionTagProcessor – [THYMELEAF][http-nio-8080-exec-4][cars] Deprecated unwrapped fragment expression "header :: header" found in template cars, line 11, col 11. Please use the complete syntax of fragment expressions instead ("~{header :: header}"). The old, unwrapped syntax for fragment expressions will be removed in future versions of Thymeleaf.
149732 [http-nio-8080-exec-4] WARN  o.t.s.p.StandardIncludeTagProcessor – [THYMELEAF][http-nio-8080-exec-4][cars] Deprecated attribute {th:include,data-th-include} found in template cars, line 85, col 11. Please use {th:insert,data-th-insert} instead, this deprecated attribute will be removed in future versions of Thymeleaf.
149732 [http-nio-8080-exec-4] WARN  o.t.s.p.AbstractStandardFragmentInsertionTagProcessor – [THYMELEAF][http-nio-8080-exec-4][cars] Deprecated unwrapped fragment expression "footer :: footer" found in template cars, line 85, col 11. Please use the complete syntax of fragment expressions instead ("~{footer :: footer}"). The old, unwrapped syntax for fragment expressions will be removed in future versions of Thymeleaf.
154730 [http-nio-8080-exec-3] WARN  o.t.s.p.StandardIncludeTagProcessor – [THYMELEAF][http-nio-8080-exec-3][cars] Deprecated attribute {th:include,data-th-include} found in template cars, line 11, col 11. Please use {th:insert,data-th-insert} instead, this deprecated attribute will be removed in future versions of Thymeleaf.
154731 [http-nio-8080-exec-3] WARN  o.t.s.p.AbstractStandardFragmentInsertionTagProcessor – [THYMELEAF][http-nio-8080-exec-3][cars] Deprecated unwrapped fragment expression "header :: header" found in template cars, line 11, col 11. Please use the complete syntax of fragment expressions instead ("~{header :: header}"). The old, unwrapped syntax for fragment expressions will be removed in future versions of Thymeleaf.
154777 [http-nio-8080-exec-3] WARN  o.t.s.p.StandardIncludeTagProcessor – [THYMELEAF][http-nio-8080-exec-3][cars] Deprecated attribute {th:include,data-th-include} found in template cars, line 85, col 11. Please use {th:insert,data-th-insert} instead, this deprecated attribute will be removed in future versions of Thymeleaf.
154778 [http-nio-8080-exec-3] WARN  o.t.s.p.AbstractStandardFragmentInsertionTagProcessor – [THYMELEAF][http-nio-8080-exec-3][cars] Deprecated unwrapped fragment expression "footer :: footer" found in template cars, line 85, col 11. Please use the complete syntax of fragment expressions instead ("~{footer :: footer}"). The old, unwrapped syntax for fragment expressions will be removed in future versions of Thymeleaf.
165823 [http-nio-8080-exec-6] WARN  o.t.s.p.StandardIncludeTagProcessor – [THYMELEAF][http-nio-8080-exec-6][cars] Deprecated attribute {th:include,data-th-include} found in template cars, line 11, col 11. Please use {th:insert,data-th-insert} instead, this deprecated attribute will be removed in future versions of Thymeleaf.
165824 [http-nio-8080-exec-6] WARN  o.t.s.p.AbstractStandardFragmentInsertionTagProcessor – [THYMELEAF][http-nio-8080-exec-6][cars] Deprecated unwrapped fragment expression "header :: header" found in template cars, line 11, col 11. Please use the complete syntax of fragment expressions instead ("~{header :: header}"). The old, unwrapped syntax for fragment expressions will be removed in future versions of Thymeleaf.
167395 [http-nio-8080-exec-6] WARN  o.t.s.p.StandardIncludeTagProcessor – [THYMELEAF][http-nio-8080-exec-6][cars] Deprecated attribute {th:include,data-th-include} found in template cars, line 85, col 11. Please use {th:insert,data-th-insert} instead, this deprecated attribute will be removed in future versions of Thymeleaf.
167395 [http-nio-8080-exec-6] WARN  o.t.s.p.AbstractStandardFragmentInsertionTagProcessor – [THYMELEAF][http-nio-8080-exec-6][cars] Deprecated unwrapped fragment expression "footer :: footer" found in template cars, line 85, col 11. Please use the complete syntax of fragment expressions instead ("~{footer :: footer}"). The old, unwrapped syntax for fragment expressions will be removed in future versions of Thymeleaf.
200346 [http-nio-8080-exec-4] WARN  o.t.s.p.StandardIncludeTagProcessor – [THYMELEAF][http-nio-8080-exec-4][home] Deprecated attribute {th:include,data-th-include} found in template home, line 15, col 9. Please use {th:insert,data-th-insert} instead, this deprecated attribute will be removed in future versions of Thymeleaf.
200346 [http-nio-8080-exec-4] WARN  o.t.s.p.AbstractStandardFragmentInsertionTagProcessor – [THYMELEAF][http-nio-8080-exec-4][home] Deprecated unwrapped fragment expression "header :: header" found in template home, line 15, col 9. Please use the complete syntax of fragment expressions instead ("~{header :: header}"). The old, unwrapped syntax for fragment expressions will be removed in future versions of Thymeleaf.
200633 [http-nio-8080-exec-4] WARN  o.t.s.p.StandardIncludeTagProcessor – [THYMELEAF][http-nio-8080-exec-4][home] Deprecated attribute {th:include,data-th-include} found in template home, line 75, col 9. Please use {th:insert,data-th-insert} instead, this deprecated attribute will be removed in future versions of Thymeleaf.
200633 [http-nio-8080-exec-4] WARN  o.t.s.p.AbstractStandardFragmentInsertionTagProcessor – [THYMELEAF][http-nio-8080-exec-4][home] Deprecated unwrapped fragment expression "footer :: footer" found in template home, line 75, col 9. Please use the complete syntax of fragment expressions instead ("~{footer :: footer}"). The old, unwrapped syntax for fragment expressions will be removed in future versions of Thymeleaf.
222198 [http-nio-8080-exec-9] WARN  o.t.s.p.StandardIncludeTagProcessor – [THYMELEAF][http-nio-8080-exec-9][cars] Deprecated attribute {th:include,data-th-include} found in template cars, line 11, col 11. Please use {th:insert,data-th-insert} instead, this deprecated attribute will be removed in future versions of Thymeleaf.
222199 [http-nio-8080-exec-9] WARN  o.t.s.p.AbstractStandardFragmentInsertionTagProcessor – [THYMELEAF][http-nio-8080-exec-9][cars] Deprecated unwrapped fragment expression "header :: header" found in template cars, line 11, col 11. Please use the complete syntax of fragment expressions instead ("~{header :: header}"). The old, unwrapped syntax for fragment expressions will be removed in future versions of Thymeleaf.
224040 [http-nio-8080-exec-9] WARN  o.t.s.p.StandardIncludeTagProcessor – [THYMELEAF][http-nio-8080-exec-9][cars] Deprecated attribute {th:include,data-th-include} found in template cars, line 85, col 11. Please use {th:insert,data-th-insert} instead, this deprecated attribute will be removed in future versions of Thymeleaf.
224040 [http-nio-8080-exec-9] WARN  o.t.s.p.AbstractStandardFragmentInsertionTagProcessor – [THYMELEAF][http-nio-8080-exec-9][cars] Deprecated unwrapped fragment expression "footer :: footer" found in template cars, line 85, col 11. Please use the complete syntax of fragment expressions instead ("~{footer :: footer}"). The old, unwrapped syntax for fragment expressions will be removed in future versions of Thymeleaf.
225235 [http-nio-8080-exec-5] WARN  o.t.s.p.StandardIncludeTagProcessor – [THYMELEAF][http-nio-8080-exec-5][home] Deprecated attribute {th:include,data-th-include} found in template home, line 15, col 9. Please use {th:insert,data-th-insert} instead, this deprecated attribute will be removed in future versions of Thymeleaf.
225235 [http-nio-8080-exec-5] WARN  o.t.s.p.AbstractStandardFragmentInsertionTagProcessor – [THYMELEAF][http-nio-8080-exec-5][home] Deprecated unwrapped fragment expression "header :: header" found in template home, line 15, col 9. Please use the complete syntax of fragment expressions instead ("~{header :: header}"). The old, unwrapped syntax for fragment expressions will be removed in future versions of Thymeleaf.
225509 [http-nio-8080-exec-5] WARN  o.t.s.p.StandardIncludeTagProcessor – [THYMELEAF][http-nio-8080-exec-5][home] Deprecated attribute {th:include,data-th-include} found in template home, line 75, col 9. Please use {th:insert,data-th-insert} instead, this deprecated attribute will be removed in future versions of Thymeleaf.
225509 [http-nio-8080-exec-5] WARN  o.t.s.p.AbstractStandardFragmentInsertionTagProcessor – [THYMELEAF][http-nio-8080-exec-5][home] Deprecated unwrapped fragment expression "footer :: footer" found in template home, line 75, col 9. Please use the complete syntax of fragment expressions instead ("~{footer :: footer}"). The old, unwrapped syntax for fragment expressions will be removed in future versions of Thymeleaf.
349266 [http-nio-8080-exec-5] WARN  o.t.s.p.StandardIncludeTagProcessor – [THYMELEAF][http-nio-8080-exec-5][cars] Deprecated attribute {th:include,data-th-include} found in template cars, line 11, col 11. Please use {th:insert,data-th-insert} instead, this deprecated attribute will be removed in future versions of Thymeleaf.
349266 [http-nio-8080-exec-5] WARN  o.t.s.p.AbstractStandardFragmentInsertionTagProcessor – [THYMELEAF][http-nio-8080-exec-5][cars] Deprecated unwrapped fragment expression "header :: header" found in template cars, line 11, col 11. Please use the complete syntax of fragment expressions instead ("~{header :: header}"). The old, unwrapped syntax for fragment expressions will be removed in future versions of Thymeleaf.
350826 [http-nio-8080-exec-5] WARN  o.t.s.p.StandardIncludeTagProcessor – [THYMELEAF][http-nio-8080-exec-5][cars] Deprecated attribute {th:include,data-th-include} found in template cars, line 85, col 11. Please use {th:insert,data-th-insert} instead, this deprecated attribute will be removed in future versions of Thymeleaf.
350826 [http-nio-8080-exec-5] WARN  o.t.s.p.AbstractStandardFragmentInsertionTagProcessor – [THYMELEAF][http-nio-8080-exec-5][cars] Deprecated unwrapped fragment expression "footer :: footer" found in template cars, line 85, col 11. Please use the complete syntax of fragment expressions instead ("~{footer :: footer}"). The old, unwrapped syntax for fragment expressions will be removed in future versions of Thymeleaf.
355658 [http-nio-8080-exec-9] WARN  o.t.s.p.StandardIncludeTagProcessor – [THYMELEAF][http-nio-8080-exec-9][cars] Deprecated attribute {th:include,data-th-include} found in template cars, line 11, col 11. Please use {th:insert,data-th-insert} instead, this deprecated attribute will be removed in future versions of Thymeleaf.
355659 [http-nio-8080-exec-9] WARN  o.t.s.p.AbstractStandardFragmentInsertionTagProcessor – [THYMELEAF][http-nio-8080-exec-9][cars] Deprecated unwrapped fragment expression "header :: header" found in template cars, line 11, col 11. Please use the complete syntax of fragment expressions instead ("~{header :: header}"). The old, unwrapped syntax for fragment expressions will be removed in future versions of Thymeleaf.
357425 [http-nio-8080-exec-9] WARN  o.t.s.p.StandardIncludeTagProcessor – [THYMELEAF][http-nio-8080-exec-9][cars] Deprecated attribute {th:include,data-th-include} found in template cars, line 85, col 11. Please use {th:insert,data-th-insert} instead, this deprecated attribute will be removed in future versions of Thymeleaf.
357425 [http-nio-8080-exec-9] WARN  o.t.s.p.AbstractStandardFragmentInsertionTagProcessor – [THYMELEAF][http-nio-8080-exec-9][cars] Deprecated unwrapped fragment expression "footer :: footer" found in template cars, line 85, col 11. Please use the complete syntax of fragment expressions instead ("~{footer :: footer}"). The old, unwrapped syntax for fragment expressions will be removed in future versions of Thymeleaf.
378483 [http-nio-8080-exec-1] WARN  o.t.s.p.StandardIncludeTagProcessor – [THYMELEAF][http-nio-8080-exec-1][cars] Deprecated attribute {th:include,data-th-include} found in template cars, line 11, col 11. Please use {th:insert,data-th-insert} instead, this deprecated attribute will be removed in future versions of Thymeleaf.
378483 [http-nio-8080-exec-1] WARN  o.t.s.p.AbstractStandardFragmentInsertionTagProcessor – [THYMELEAF][http-nio-8080-exec-1][cars] Deprecated unwrapped fragment expression "header :: header" found in template cars, line 11, col 11. Please use the complete syntax of fragment expressions instead ("~{header :: header}"). The old, unwrapped syntax for fragment expressions will be removed in future versions of Thymeleaf.
379162 [http-nio-8080-exec-1] WARN  o.t.s.p.StandardIncludeTagProcessor – [THYMELEAF][http-nio-8080-exec-1][cars] Deprecated attribute {th:include,data-th-include} found in template cars, line 85, col 11. Please use {th:insert,data-th-insert} instead, this deprecated attribute will be removed in future versions of Thymeleaf.
379162 [http-nio-8080-exec-1] WARN  o.t.s.p.AbstractStandardFragmentInsertionTagProcessor – [THYMELEAF][http-nio-8080-exec-1][cars] Deprecated unwrapped fragment expression "footer :: footer" found in template cars, line 85, col 11. Please use the complete syntax of fragment expressions instead ("~{footer :: footer}"). The old, unwrapped syntax for fragment expressions will be removed in future versions of Thymeleaf.
424369 [http-nio-8080-exec-9] WARN  o.t.s.p.StandardIncludeTagProcessor – [THYMELEAF][http-nio-8080-exec-9][cars] Deprecated attribute {th:include,data-th-include} found in template cars, line 11, col 11. Please use {th:insert,data-th-insert} instead, this deprecated attribute will be removed in future versions of Thymeleaf.
424369 [http-nio-8080-exec-9] WARN  o.t.s.p.AbstractStandardFragmentInsertionTagProcessor – [THYMELEAF][http-nio-8080-exec-9][cars] Deprecated unwrapped fragment expression "header :: header" found in template cars, line 11, col 11. Please use the complete syntax of fragment expressions instead ("~{header :: header}"). The old, unwrapped syntax for fragment expressions will be removed in future versions of Thymeleaf.
424504 [http-nio-8080-exec-9] WARN  o.t.s.p.StandardIncludeTagProcessor – [THYMELEAF][http-nio-8080-exec-9][cars] Deprecated attribute {th:include,data-th-include} found in template cars, line 85, col 11. Please use {th:insert,data-th-insert} instead, this deprecated attribute will be removed in future versions of Thymeleaf.
424504 [http-nio-8080-exec-9] WARN  o.t.s.p.AbstractStandardFragmentInsertionTagProcessor – [THYMELEAF][http-nio-8080-exec-9][cars] Deprecated unwrapped fragment expression "footer :: footer" found in template cars, line 85, col 11. Please use the complete syntax of fragment expressions instead ("~{footer :: footer}"). The old, unwrapped syntax for fragment expressions will be removed in future versions of Thymeleaf.
432512 [http-nio-8080-exec-10] WARN  o.t.s.p.StandardIncludeTagProcessor – [THYMELEAF][http-nio-8080-exec-10][cars] Deprecated attribute {th:include,data-th-include} found in template cars, line 11, col 11. Please use {th:insert,data-th-insert} instead, this deprecated attribute will be removed in future versions of Thymeleaf.
432513 [http-nio-8080-exec-10] WARN  o.t.s.p.AbstractStandardFragmentInsertionTagProcessor – [THYMELEAF][http-nio-8080-exec-10][cars] Deprecated unwrapped fragment expression "header :: header" found in template cars, line 11, col 11. Please use the complete syntax of fragment expressions instead ("~{header :: header}"). The old, unwrapped syntax for fragment expressions will be removed in future versions of Thymeleaf.
434521 [http-nio-8080-exec-10] WARN  o.t.s.p.StandardIncludeTagProcessor – [THYMELEAF][http-nio-8080-exec-10][cars] Deprecated attribute {th:include,data-th-include} found in template cars, line 85, col 11. Please use {th:insert,data-th-insert} instead, this deprecated attribute will be removed in future versions of Thymeleaf.
434521 [http-nio-8080-exec-10] WARN  o.t.s.p.AbstractStandardFragmentInsertionTagProcessor – [THYMELEAF][http-nio-8080-exec-10][cars] Deprecated unwrapped fragment expression "footer :: footer" found in template cars, line 85, col 11. Please use the complete syntax of fragment expressions instead ("~{footer :: footer}"). The old, unwrapped syntax for fragment expressions will be removed in future versions of Thymeleaf.
443566 [http-nio-8080-exec-8] WARN  o.t.s.p.StandardIncludeTagProcessor – [THYMELEAF][http-nio-8080-exec-8][cars] Deprecated attribute {th:include,data-th-include} found in template cars, line 11, col 11. Please use {th:insert,data-th-insert} instead, this deprecated attribute will be removed in future versions of Thymeleaf.
443566 [http-nio-8080-exec-8] WARN  o.t.s.p.AbstractStandardFragmentInsertionTagProcessor – [THYMELEAF][http-nio-8080-exec-8][cars] Deprecated unwrapped fragment expression "header :: header" found in template cars, line 11, col 11. Please use the complete syntax of fragment expressions instead ("~{header :: header}"). The old, unwrapped syntax for fragment expressions will be removed in future versions of Thymeleaf.
445379 [http-nio-8080-exec-8] WARN  o.t.s.p.StandardIncludeTagProcessor – [THYMELEAF][http-nio-8080-exec-8][cars] Deprecated attribute {th:include,data-th-include} found in template cars, line 85, col 11. Please use {th:insert,data-th-insert} instead, this deprecated attribute will be removed in future versions of Thymeleaf.
445380 [http-nio-8080-exec-8] WARN  o.t.s.p.AbstractStandardFragmentInsertionTagProcessor – [THYMELEAF][http-nio-8080-exec-8][cars] Deprecated unwrapped fragment expression "footer :: footer" found in template cars, line 85, col 11. Please use the complete syntax of fragment expressions instead ("~{footer :: footer}"). The old, unwrapped syntax for fragment expressions will be removed in future versions of Thymeleaf.
448031 [http-nio-8080-exec-8] WARN  o.t.s.p.StandardIncludeTagProcessor – [THYMELEAF][http-nio-8080-exec-8][cars] Deprecated attribute {th:include,data-th-include} found in template cars, line 11, col 11. Please use {th:insert,data-th-insert} instead, this deprecated attribute will be removed in future versions of Thymeleaf.
448032 [http-nio-8080-exec-8] WARN  o.t.s.p.AbstractStandardFragmentInsertionTagProcessor – [THYMELEAF][http-nio-8080-exec-8][cars] Deprecated unwrapped fragment expression "header :: header" found in template cars, line 11, col 11. Please use the complete syntax of fragment expressions instead ("~{header :: header}"). The old, unwrapped syntax for fragment expressions will be removed in future versions of Thymeleaf.
449975 [http-nio-8080-exec-8] WARN  o.t.s.p.StandardIncludeTagProcessor – [THYMELEAF][http-nio-8080-exec-8][cars] Deprecated attribute {th:include,data-th-include} found in template cars, line 85, col 11. Please use {th:insert,data-th-insert} instead, this deprecated attribute will be removed in future versions of Thymeleaf.
449975 [http-nio-8080-exec-8] WARN  o.t.s.p.AbstractStandardFragmentInsertionTagProcessor – [THYMELEAF][http-nio-8080-exec-8][cars] Deprecated unwrapped fragment expression "footer :: footer" found in template cars, line 85, col 11. Please use the complete syntax of fragment expressions instead ("~{footer :: footer}"). The old, unwrapped syntax for fragment expressions will be removed in future versions of Thymeleaf.
478040 [http-nio-8080-exec-10] WARN  o.t.s.p.StandardIncludeTagProcessor – [THYMELEAF][http-nio-8080-exec-10][cars] Deprecated attribute {th:include,data-th-include} found in template cars, line 11, col 11. Please use {th:insert,data-th-insert} instead, this deprecated attribute will be removed in future versions of Thymeleaf.
478041 [http-nio-8080-exec-10] WARN  o.t.s.p.AbstractStandardFragmentInsertionTagProcessor – [THYMELEAF][http-nio-8080-exec-10][cars] Deprecated unwrapped fragment expression "header :: header" found in template cars, line 11, col 11. Please use the complete syntax of fragment expressions instead ("~{header :: header}"). The old, unwrapped syntax for fragment expressions will be removed in future versions of Thymeleaf.
478050 [http-nio-8080-exec-10] WARN  o.t.s.p.StandardIncludeTagProcessor – [THYMELEAF][http-nio-8080-exec-10][cars] Deprecated attribute {th:include,data-th-include} found in template cars, line 85, col 11. Please use {th:insert,data-th-insert} instead, this deprecated attribute will be removed in future versions of Thymeleaf.
478050 [http-nio-8080-exec-10] WARN  o.t.s.p.AbstractStandardFragmentInsertionTagProcessor – [THYMELEAF][http-nio-8080-exec-10][cars] Deprecated unwrapped fragment expression "footer :: footer" found in template cars, line 85, col 11. Please use the complete syntax of fragment expressions instead ("~{footer :: footer}"). The old, unwrapped syntax for fragment expressions will be removed in future versions of Thymeleaf.
482329 [http-nio-8080-exec-7] WARN  o.t.s.p.StandardIncludeTagProcessor – [THYMELEAF][http-nio-8080-exec-7][cars] Deprecated attribute {th:include,data-th-include} found in template cars, line 11, col 11. Please use {th:insert,data-th-insert} instead, this deprecated attribute will be removed in future versions of Thymeleaf.
482330 [http-nio-8080-exec-7] WARN  o.t.s.p.AbstractStandardFragmentInsertionTagProcessor – [THYMELEAF][http-nio-8080-exec-7][cars] Deprecated unwrapped fragment expression "header :: header" found in template cars, line 11, col 11. Please use the complete syntax of fragment expressions instead ("~{header :: header}"). The old, unwrapped syntax for fragment expressions will be removed in future versions of Thymeleaf.
483941 [http-nio-8080-exec-7] WARN  o.t.s.p.StandardIncludeTagProcessor – [THYMELEAF][http-nio-8080-exec-7][cars] Deprecated attribute {th:include,data-th-include} found in template cars, line 85, col 11. Please use {th:insert,data-th-insert} instead, this deprecated attribute will be removed in future versions of Thymeleaf.
483941 [http-nio-8080-exec-7] WARN  o.t.s.p.AbstractStandardFragmentInsertionTagProcessor – [THYMELEAF][http-nio-8080-exec-7][cars] Deprecated unwrapped fragment expression "footer :: footer" found in template cars, line 85, col 11. Please use the complete syntax of fragment expressions instead ("~{footer :: footer}"). The old, unwrapped syntax for fragment expressions will be removed in future versions of Thymeleaf.
487956 [http-nio-8080-exec-3] WARN  o.t.s.p.StandardIncludeTagProcessor – [THYMELEAF][http-nio-8080-exec-3][cars] Deprecated attribute {th:include,data-th-include} found in template cars, line 11, col 11. Please use {th:insert,data-th-insert} instead, this deprecated attribute will be removed in future versions of Thymeleaf.
487957 [http-nio-8080-exec-3] WARN  o.t.s.p.AbstractStandardFragmentInsertionTagProcessor – [THYMELEAF][http-nio-8080-exec-3][cars] Deprecated unwrapped fragment expression "header :: header" found in template cars, line 11, col 11. Please use the complete syntax of fragment expressions instead ("~{header :: header}"). The old, unwrapped syntax for fragment expressions will be removed in future versions of Thymeleaf.
493184 [http-nio-8080-exec-3] WARN  o.t.s.p.StandardIncludeTagProcessor – [THYMELEAF][http-nio-8080-exec-3][cars] Deprecated attribute {th:include,data-th-include} found in template cars, line 85, col 11. Please use {th:insert,data-th-insert} instead, this deprecated attribute will be removed in future versions of Thymeleaf.
493185 [http-nio-8080-exec-3] WARN  o.t.s.p.AbstractStandardFragmentInsertionTagProcessor – [THYMELEAF][http-nio-8080-exec-3][cars] Deprecated unwrapped fragment expression "footer :: footer" found in template cars, line 85, col 11. Please use the complete syntax of fragment expressions instead ("~{footer :: footer}"). The old, unwrapped syntax for fragment expressions will be removed in future versions of Thymeleaf.
552888 [http-nio-8080-exec-10] WARN  o.t.s.p.StandardIncludeTagProcessor – [THYMELEAF][http-nio-8080-exec-10][cars] Deprecated attribute {th:include,data-th-include} found in template cars, line 11, col 11. Please use {th:insert,data-th-insert} instead, this deprecated attribute will be removed in future versions of Thymeleaf.
552889 [http-nio-8080-exec-10] WARN  o.t.s.p.AbstractStandardFragmentInsertionTagProcessor – [THYMELEAF][http-nio-8080-exec-10][cars] Deprecated unwrapped fragment expression "header :: header" found in template cars, line 11, col 11. Please use the complete syntax of fragment expressions instead ("~{header :: header}"). The old, unwrapped syntax for fragment expressions will be removed in future versions of Thymeleaf.
565880 [http-nio-8080-exec-10] WARN  o.t.s.p.StandardIncludeTagProcessor – [THYMELEAF][http-nio-8080-exec-10][cars] Deprecated attribute {th:include,data-th-include} found in template cars, line 85, col 11. Please use {th:insert,data-th-insert} instead, this deprecated attribute will be removed in future versions of Thymeleaf.
565881 [http-nio-8080-exec-10] WARN  o.t.s.p.AbstractStandardFragmentInsertionTagProcessor – [THYMELEAF][http-nio-8080-exec-10][cars] Deprecated unwrapped fragment expression "footer :: footer" found in template cars, line 85, col 11. Please use the complete syntax of fragment expressions instead ("~{footer :: footer}"). The old, unwrapped syntax for fragment expressions will be removed in future versions of Thymeleaf.
760211 [http-nio-8080-exec-2] WARN  o.t.s.p.StandardIncludeTagProcessor – [THYMELEAF][http-nio-8080-exec-2][cars] Deprecated attribute {th:include,data-th-include} found in template cars, line 11, col 11. Please use {th:insert,data-th-insert} instead, this deprecated attribute will be removed in future versions of Thymeleaf.
760212 [http-nio-8080-exec-2] WARN  o.t.s.p.AbstractStandardFragmentInsertionTagProcessor – [THYMELEAF][http-nio-8080-exec-2][cars] Deprecated unwrapped fragment expression "header :: header" found in template cars, line 11, col 11. Please use the complete syntax of fragment expressions instead ("~{header :: header}"). The old, unwrapped syntax for fragment expressions will be removed in future versions of Thymeleaf.
769277 [http-nio-8080-exec-2] WARN  o.t.s.p.StandardIncludeTagProcessor – [THYMELEAF][http-nio-8080-exec-2][cars] Deprecated attribute {th:include,data-th-include} found in template cars, line 85, col 11. Please use {th:insert,data-th-insert} instead, this deprecated attribute will be removed in future versions of Thymeleaf.
769277 [http-nio-8080-exec-2] WARN  o.t.s.p.AbstractStandardFragmentInsertionTagProcessor – [THYMELEAF][http-nio-8080-exec-2][cars] Deprecated unwrapped fragment expression "footer :: footer" found in template cars, line 85, col 11. Please use the complete syntax of fragment expressions instead ("~{footer :: footer}"). The old, unwrapped syntax for fragment expressions will be removed in future versions of Thymeleaf.
774715 [http-nio-8080-exec-8] WARN  o.t.s.p.StandardIncludeTagProcessor – [THYMELEAF][http-nio-8080-exec-8][cars] Deprecated attribute {th:include,data-th-include} found in template cars, line 11, col 11. Please use {th:insert,data-th-insert} instead, this deprecated attribute will be removed in future versions of Thymeleaf.
774716 [http-nio-8080-exec-8] WARN  o.t.s.p.AbstractStandardFragmentInsertionTagProcessor – [THYMELEAF][http-nio-8080-exec-8][cars] Deprecated unwrapped fragment expression "header :: header" found in template cars, line 11, col 11. Please use the complete syntax of fragment expressions instead ("~{header :: header}"). The old, unwrapped syntax for fragment expressions will be removed in future versions of Thymeleaf.
774725 [http-nio-8080-exec-8] WARN  o.t.s.p.StandardIncludeTagProcessor – [THYMELEAF][http-nio-8080-exec-8][cars] Deprecated attribute {th:include,data-th-include} found in template cars, line 85, col 11. Please use {th:insert,data-th-insert} instead, this deprecated attribute will be removed in future versions of Thymeleaf.
774726 [http-nio-8080-exec-8] WARN  o.t.s.p.AbstractStandardFragmentInsertionTagProcessor – [THYMELEAF][http-nio-8080-exec-8][cars] Deprecated unwrapped fragment expression "footer :: footer" found in template cars, line 85, col 11. Please use the complete syntax of fragment expressions instead ("~{footer :: footer}"). The old, unwrapped syntax for fragment expressions will be removed in future versions of Thymeleaf.
888346 [SpringApplicationShutdownHook] INFO  o.s.o.j.LocalContainerEntityManagerFactoryBean – Closing JPA EntityManagerFactory for persistence unit 'default'
888351 [SpringApplicationShutdownHook] INFO  com.zaxxer.hikari.HikariDataSource – HikariPool-1 - Shutdown initiated...
888359 [SpringApplicationShutdownHook] INFO  com.zaxxer.hikari.HikariDataSource – HikariPool-1 - Shutdown completed.
1974 [restartedMain] INFO  c.j.t.TaxicompanyApplication – Starting TaxicompanyApplication using Java 17.0.6 with PID 7624 (C:\Users\Asus ROG G-L552\IdeaProjects\taxicompany\target\classes started by Andrei in C:\Users\Asus ROG G-L552\IdeaProjects\taxicompany)
1979 [restartedMain] INFO  c.j.t.TaxicompanyApplication – No active profile set, falling back to 1 default profile: "default"
2086 [restartedMain] INFO  o.s.b.d.e.DevToolsPropertyDefaultsPostProcessor – Devtools property defaults active! Set 'spring.devtools.add-properties' to 'false' to disable
2089 [restartedMain] INFO  o.s.b.d.e.DevToolsPropertyDefaultsPostProcessor – For additional web related logging consider setting the 'logging.level.web' property to 'DEBUG'
4164 [restartedMain] INFO  o.s.d.r.c.RepositoryConfigurationDelegate – Bootstrapping Spring Data JPA repositories in DEFAULT mode.
4303 [restartedMain] INFO  o.s.d.r.c.RepositoryConfigurationDelegate – Finished Spring Data repository scanning in 120 ms. Found 3 JPA repository interfaces.
5844 [restartedMain] INFO  o.s.b.w.e.tomcat.TomcatWebServer – Tomcat initialized with port(s): 8080 (http)
5877 [restartedMain] INFO  o.a.coyote.http11.Http11NioProtocol – Initializing ProtocolHandler ["http-nio-8080"]
5879 [restartedMain] INFO  o.a.catalina.core.StandardService – Starting service [Tomcat]
5879 [restartedMain] INFO  o.a.catalina.core.StandardEngine – Starting Servlet engine: [Apache Tomcat/10.1.8]
6005 [restartedMain] INFO  o.a.c.c.C.[Tomcat].[localhost].[/] – Initializing Spring embedded WebApplicationContext
6006 [restartedMain] INFO  o.s.b.w.s.c.ServletWebServerApplicationContext – Root WebApplicationContext: initialization completed in 3914 ms
6407 [restartedMain] INFO  o.h.jpa.internal.util.LogHelper – HHH000204: Processing PersistenceUnitInfo [name: default]
6522 [restartedMain] INFO  org.hibernate.Version – HHH000412: Hibernate ORM core version 6.1.7.Final
7177 [restartedMain] INFO  com.zaxxer.hikari.HikariDataSource – HikariPool-1 - Starting...
7494 [restartedMain] INFO  com.zaxxer.hikari.pool.HikariPool – HikariPool-1 - Added connection org.postgresql.jdbc.PgConnection@1f0991f4
7497 [restartedMain] INFO  com.zaxxer.hikari.HikariDataSource – HikariPool-1 - Start completed.
7587 [restartedMain] INFO  SQL dialect – HHH000400: Using dialect: org.hibernate.dialect.PostgreSQLDialect
9407 [restartedMain] INFO  o.hibernate.orm.connections.access – HHH10001501: Connection obtained from JdbcConnectionAccess [org.hibernate.engine.jdbc.env.internal.JdbcEnvironmentInitiator$ConnectionProviderJdbcConnectionAccess@6d947628] for (non-JTA) DDL execution was not in auto-commit mode; the Connection 'local transaction' will be committed and the Connection will be set into auto-commit mode.
9500 [restartedMain] INFO  o.h.e.t.j.p.i.JtaPlatformInitiator – HHH000490: Using JtaPlatform implementation: [org.hibernate.engine.transaction.jta.platform.internal.NoJtaPlatform]
9515 [restartedMain] INFO  o.s.o.j.LocalContainerEntityManagerFactoryBean – Initialized JPA EntityManagerFactory for persistence unit 'default'
10240 [restartedMain] WARN  o.s.b.a.o.j.JpaBaseConfiguration$JpaWebConfiguration – spring.jpa.open-in-view is enabled by default. Therefore, database queries may be performed during view rendering. Explicitly configure spring.jpa.open-in-view to disable this warning
10722 [restartedMain] INFO  o.s.s.w.DefaultSecurityFilterChain – Will secure any request with [org.springframework.security.web.session.DisableEncodeUrlFilter@795a5b1c, org.springframework.security.web.context.request.async.WebAsyncManagerIntegrationFilter@742fb4cb, org.springframework.security.web.context.SecurityContextHolderFilter@40a48bb8, org.springframework.security.web.header.HeaderWriterFilter@4036b566, org.springframework.security.web.csrf.CsrfFilter@348fd2a5, org.springframework.security.web.authentication.logout.LogoutFilter@535097f, org.springframework.security.web.authentication.UsernamePasswordAuthenticationFilter@3b630386, org.springframework.security.web.savedrequest.RequestCacheAwareFilter@7104eee2, org.springframework.security.web.servletapi.SecurityContextHolderAwareRequestFilter@2cf961b2, org.springframework.security.web.authentication.AnonymousAuthenticationFilter@3a7b1195, org.springframework.security.web.access.ExceptionTranslationFilter@6a89283a, org.springframework.security.web.access.intercept.AuthorizationFilter@7f99d0d1]
11131 [restartedMain] INFO  o.s.b.d.a.OptionalLiveReloadServer – LiveReload server is running on port 35729
11180 [restartedMain] INFO  o.a.coyote.http11.Http11NioProtocol – Starting ProtocolHandler ["http-nio-8080"]
11226 [restartedMain] INFO  o.s.b.w.e.tomcat.TomcatWebServer – Tomcat started on port(s): 8080 (http) with context path ''
11247 [restartedMain] INFO  c.j.t.TaxicompanyApplication – Started TaxicompanyApplication in 10.209 seconds (process running for 11.818)
67705 [http-nio-8080-exec-1] INFO  o.a.c.c.C.[Tomcat].[localhost].[/] – Initializing Spring DispatcherServlet 'dispatcherServlet'
67705 [http-nio-8080-exec-1] INFO  o.s.web.servlet.DispatcherServlet – Initializing Servlet 'dispatcherServlet'
67708 [http-nio-8080-exec-1] INFO  o.s.web.servlet.DispatcherServlet – Completed initialization in 2 ms
68462 [http-nio-8080-exec-1] WARN  o.t.s.p.StandardIncludeTagProcessor – [THYMELEAF][http-nio-8080-exec-1][home] Deprecated attribute {th:include,data-th-include} found in template home, line 15, col 9. Please use {th:insert,data-th-insert} instead, this deprecated attribute will be removed in future versions of Thymeleaf.
68464 [http-nio-8080-exec-1] WARN  o.t.s.p.AbstractStandardFragmentInsertionTagProcessor – [THYMELEAF][http-nio-8080-exec-1][home] Deprecated unwrapped fragment expression "header :: header" found in template home, line 15, col 9. Please use the complete syntax of fragment expressions instead ("~{header :: header}"). The old, unwrapped syntax for fragment expressions will be removed in future versions of Thymeleaf.
68882 [http-nio-8080-exec-1] WARN  o.t.s.p.StandardIncludeTagProcessor – [THYMELEAF][http-nio-8080-exec-1][home] Deprecated attribute {th:include,data-th-include} found in template home, line 80, col 9. Please use {th:insert,data-th-insert} instead, this deprecated attribute will be removed in future versions of Thymeleaf.
68883 [http-nio-8080-exec-1] WARN  o.t.s.p.AbstractStandardFragmentInsertionTagProcessor – [THYMELEAF][http-nio-8080-exec-1][home] Deprecated unwrapped fragment expression "footer :: footer" found in template home, line 80, col 9. Please use the complete syntax of fragment expressions instead ("~{footer :: footer}"). The old, unwrapped syntax for fragment expressions will be removed in future versions of Thymeleaf.
113424 [http-nio-8080-exec-10] WARN  o.t.s.p.StandardIncludeTagProcessor – [THYMELEAF][http-nio-8080-exec-10][home] Deprecated attribute {th:include,data-th-include} found in template home, line 15, col 9. Please use {th:insert,data-th-insert} instead, this deprecated attribute will be removed in future versions of Thymeleaf.
113425 [http-nio-8080-exec-10] WARN  o.t.s.p.AbstractStandardFragmentInsertionTagProcessor – [THYMELEAF][http-nio-8080-exec-10][home] Deprecated unwrapped fragment expression "header :: header" found in template home, line 15, col 9. Please use the complete syntax of fragment expressions instead ("~{header :: header}"). The old, unwrapped syntax for fragment expressions will be removed in future versions of Thymeleaf.
113789 [http-nio-8080-exec-10] WARN  o.t.s.p.StandardIncludeTagProcessor – [THYMELEAF][http-nio-8080-exec-10][home] Deprecated attribute {th:include,data-th-include} found in template home, line 80, col 9. Please use {th:insert,data-th-insert} instead, this deprecated attribute will be removed in future versions of Thymeleaf.
113790 [http-nio-8080-exec-10] WARN  o.t.s.p.AbstractStandardFragmentInsertionTagProcessor – [THYMELEAF][http-nio-8080-exec-10][home] Deprecated unwrapped fragment expression "footer :: footer" found in template home, line 80, col 9. Please use the complete syntax of fragment expressions instead ("~{footer :: footer}"). The old, unwrapped syntax for fragment expressions will be removed in future versions of Thymeleaf.
117905 [http-nio-8080-exec-10] WARN  o.t.s.p.StandardIncludeTagProcessor – [THYMELEAF][http-nio-8080-exec-10][cars] Deprecated attribute {th:include,data-th-include} found in template cars, line 11, col 11. Please use {th:insert,data-th-insert} instead, this deprecated attribute will be removed in future versions of Thymeleaf.
117906 [http-nio-8080-exec-10] WARN  o.t.s.p.AbstractStandardFragmentInsertionTagProcessor – [THYMELEAF][http-nio-8080-exec-10][cars] Deprecated unwrapped fragment expression "header :: header" found in template cars, line 11, col 11. Please use the complete syntax of fragment expressions instead ("~{header :: header}"). The old, unwrapped syntax for fragment expressions will be removed in future versions of Thymeleaf.
119739 [http-nio-8080-exec-10] WARN  o.t.s.p.StandardIncludeTagProcessor – [THYMELEAF][http-nio-8080-exec-10][cars] Deprecated attribute {th:include,data-th-include} found in template cars, line 85, col 11. Please use {th:insert,data-th-insert} instead, this deprecated attribute will be removed in future versions of Thymeleaf.
119739 [http-nio-8080-exec-10] WARN  o.t.s.p.AbstractStandardFragmentInsertionTagProcessor – [THYMELEAF][http-nio-8080-exec-10][cars] Deprecated unwrapped fragment expression "footer :: footer" found in template cars, line 85, col 11. Please use the complete syntax of fragment expressions instead ("~{footer :: footer}"). The old, unwrapped syntax for fragment expressions will be removed in future versions of Thymeleaf.
131153 [http-nio-8080-exec-6] INFO  c.j.t.controllers.CarsController – Page: 0 11
131246 [http-nio-8080-exec-6] INFO  c.j.t.controllers.CarsController – Read 11 cars
131250 [http-nio-8080-exec-6] WARN  o.t.s.p.StandardIncludeTagProcessor – [THYMELEAF][http-nio-8080-exec-6][cars] Deprecated attribute {th:include,data-th-include} found in template cars, line 11, col 11. Please use {th:insert,data-th-insert} instead, this deprecated attribute will be removed in future versions of Thymeleaf.
131250 [http-nio-8080-exec-6] WARN  o.t.s.p.AbstractStandardFragmentInsertionTagProcessor – [THYMELEAF][http-nio-8080-exec-6][cars] Deprecated unwrapped fragment expression "header :: header" found in template cars, line 11, col 11. Please use the complete syntax of fragment expressions instead ("~{header :: header}"). The old, unwrapped syntax for fragment expressions will be removed in future versions of Thymeleaf.
133219 [http-nio-8080-exec-6] WARN  o.t.s.p.StandardIncludeTagProcessor – [THYMELEAF][http-nio-8080-exec-6][cars] Deprecated attribute {th:include,data-th-include} found in template cars, line 85, col 11. Please use {th:insert,data-th-insert} instead, this deprecated attribute will be removed in future versions of Thymeleaf.
133220 [http-nio-8080-exec-6] WARN  o.t.s.p.AbstractStandardFragmentInsertionTagProcessor – [THYMELEAF][http-nio-8080-exec-6][cars] Deprecated unwrapped fragment expression "footer :: footer" found in template cars, line 85, col 11. Please use the complete syntax of fragment expressions instead ("~{footer :: footer}"). The old, unwrapped syntax for fragment expressions will be removed in future versions of Thymeleaf.
212203 [http-nio-8080-exec-1] INFO  c.j.t.controllers.CarsController – Page: 10 21
212213 [http-nio-8080-exec-1] INFO  c.j.t.controllers.CarsController – Read 0 cars
212218 [http-nio-8080-exec-1] WARN  o.t.s.p.StandardIncludeTagProcessor – [THYMELEAF][http-nio-8080-exec-1][cars] Deprecated attribute {th:include,data-th-include} found in template cars, line 11, col 11. Please use {th:insert,data-th-insert} instead, this deprecated attribute will be removed in future versions of Thymeleaf.
212218 [http-nio-8080-exec-1] WARN  o.t.s.p.AbstractStandardFragmentInsertionTagProcessor – [THYMELEAF][http-nio-8080-exec-1][cars] Deprecated unwrapped fragment expression "header :: header" found in template cars, line 11, col 11. Please use the complete syntax of fragment expressions instead ("~{header :: header}"). The old, unwrapped syntax for fragment expressions will be removed in future versions of Thymeleaf.
212249 [http-nio-8080-exec-1] WARN  o.t.s.p.StandardIncludeTagProcessor – [THYMELEAF][http-nio-8080-exec-1][cars] Deprecated attribute {th:include,data-th-include} found in template cars, line 85, col 11. Please use {th:insert,data-th-insert} instead, this deprecated attribute will be removed in future versions of Thymeleaf.
212249 [http-nio-8080-exec-1] WARN  o.t.s.p.AbstractStandardFragmentInsertionTagProcessor – [THYMELEAF][http-nio-8080-exec-1][cars] Deprecated unwrapped fragment expression "footer :: footer" found in template cars, line 85, col 11. Please use the complete syntax of fragment expressions instead ("~{footer :: footer}"). The old, unwrapped syntax for fragment expressions will be removed in future versions of Thymeleaf.
234723 [SpringApplicationShutdownHook] INFO  o.s.o.j.LocalContainerEntityManagerFactoryBean – Closing JPA EntityManagerFactory for persistence unit 'default'
234739 [SpringApplicationShutdownHook] INFO  com.zaxxer.hikari.HikariDataSource – HikariPool-1 - Shutdown initiated...
234746 [SpringApplicationShutdownHook] INFO  com.zaxxer.hikari.HikariDataSource – HikariPool-1 - Shutdown completed.
